c:\users\tobias\documents\visual studio 2013\projects\systemtraywindows\systemtraywindows\release\vc120.pdb
c:\users\tobias\documents\visual studio 2013\projects\systemtraywindows\systemtraywindows\release\systemtraywindows.obj
c:\users\tobias\documents\visual studio 2013\projects\systemtraywindows\systemtraywindows\release\assemblyinfo.obj
c:\users\tobias\documents\visual studio 2013\projects\systemtraywindows\systemtraywindows\release\.netframework,version=v4.5.assemblyattributes.obj
c:\users\tobias\documents\visual studio 2013\projects\systemtraywindows\systemtraywindows\release\systemtraywindows.pch
c:\users\tobias\documents\visual studio 2013\projects\systemtraywindows\systemtraywindows\release\stdafx.obj
c:\users\tobias\documents\visual studio 2013\projects\systemtraywindows\systemtraywindows\release\tusystemtrayitem.obj
c:\users\tobias\documents\visual studio 2013\projects\systemtraywindows\systemtraywindows\release\tusubmenu.obj
c:\users\tobias\documents\visual studio 2013\projects\systemtraywindows\systemtraywindows\release\tunotification.obj
c:\users\tobias\documents\visual studio 2013\projects\systemtraywindows\systemtraywindows\release\tumenuitem.obj
c:\users\tobias\documents\visual studio 2013\projects\systemtraywindows\systemtraywindows\release\tumenu.obj
c:\users\tobias\documents\visual studio 2013\projects\systemtraywindows\systemtraywindows\release\de_tobias_systemtray_systemtrayitem.obj
c:\users\tobias\documents\visual studio 2013\projects\systemtraywindows\systemtraywindows\release\de_tobias_systemtray_systemtray.obj
c:\users\tobias\documents\visual studio 2013\projects\systemtraywindows\systemtraywindows\release\de_tobias_systemtray_menu_submenu.obj
c:\users\tobias\documents\visual studio 2013\projects\systemtraywindows\systemtraywindows\release\de_tobias_systemtray_menu_menuitem.obj
c:\users\tobias\documents\visual studio 2013\projects\systemtraywindows\systemtraywindows\release\de_tobias_systemtray_menu_menu.obj
c:\users\tobias\documents\visual studio 2013\projects\systemtraywindows\release\systemtraywindows.dll
c:\users\tobias\documents\visual studio 2013\projects\systemtraywindows\release\systemtraywindows.pdb
c:\users\tobias\documents\visual studio 2013\projects\systemtraywindows\systemtraywindows\release\app.res
c:\users\tobias\documents\visual studio 2013\projects\systemtraywindows\release\systemtraywindows.lib
c:\users\tobias\documents\visual studio 2013\projects\systemtraywindows\release\systemtraywindows.exp
c:\users\tobias\documents\visual studio 2013\projects\systemtraywindows\systemtraywindows\release\systemtraywindows.vcxprojresolveassemblyreference.cache
c:\users\tobias\documents\visual studio 2013\projects\systemtraywindows\systemtraywindows\release\systemtr.0954b836.tlog\cl.command.1.tlog
c:\users\tobias\documents\visual studio 2013\projects\systemtraywindows\systemtraywindows\release\systemtr.0954b836.tlog\cl.read.1.tlog
c:\users\tobias\documents\visual studio 2013\projects\systemtraywindows\systemtraywindows\release\systemtr.0954b836.tlog\cl.write.1.tlog
c:\users\tobias\documents\visual studio 2013\projects\systemtraywindows\systemtraywindows\release\systemtr.0954b836.tlog\link.command.1.tlog
c:\users\tobias\documents\visual studio 2013\projects\systemtraywindows\systemtraywindows\release\systemtr.0954b836.tlog\link.read.1.tlog
c:\users\tobias\documents\visual studio 2013\projects\systemtraywindows\systemtraywindows\release\systemtr.0954b836.tlog\link.write.1.tlog
c:\users\tobias\documents\visual studio 2013\projects\systemtraywindows\systemtraywindows\release\systemtr.0954b836.tlog\metagen.read.1.tlog
c:\users\tobias\documents\visual studio 2013\projects\systemtraywindows\systemtraywindows\release\systemtr.0954b836.tlog\metagen.write.1.tlog
c:\users\tobias\documents\visual studio 2013\projects\systemtraywindows\systemtraywindows\release\systemtr.0954b836.tlog\rc.command.1.tlog
c:\users\tobias\documents\visual studio 2013\projects\systemtraywindows\systemtraywindows\release\systemtr.0954b836.tlog\rc.read.1.tlog
c:\users\tobias\documents\visual studio 2013\projects\systemtraywindows\systemtraywindows\release\systemtr.0954b836.tlog\rc.write.1.tlog
c:\users\tobias\documents\visual studio 2013\projects\systemtraywindows\systemtraywindows\release\systemtr.0954b836.tlog\systemtraywindows.write.1u.tlog
c:\users\tobias\documents\visual studio 2013\projects\systemtraywindows\systemtraywindows\release\systemtr.0954b836.tlog\rsaenh.dll.bi
c:\users\tobias\documents\visual studio 2013\projects\systemtraywindows\systemtraywindows\release\systemtr.0954b836.tlog\tzres.dll.bi
